[2024-01-31 13:28:55,785] {taskinstance.py:1159} INFO - Dependencies all met for <TaskInstance: project_6_2.create_table manual__2024-01-31T13:25:34.309287+00:00 [queued]>
[2024-01-31 13:28:55,806] {taskinstance.py:1159} INFO - Dependencies all met for <TaskInstance: project_6_2.create_table manual__2024-01-31T13:25:34.309287+00:00 [queued]>
[2024-01-31 13:28:55,807] {taskinstance.py:1356} INFO - 
--------------------------------------------------------------------------------
[2024-01-31 13:28:55,807] {taskinstance.py:1357} INFO - Starting attempt 4 of 4
[2024-01-31 13:28:55,807] {taskinstance.py:1358} INFO - 
--------------------------------------------------------------------------------
[2024-01-31 13:28:55,843] {taskinstance.py:1377} INFO - Executing <Task(MySqlOperator): create_table> on 2024-01-31 13:25:34.309287+00:00
[2024-01-31 13:28:55,873] {standard_task_runner.py:52} INFO - Started process 3516 to run task
[2024-01-31 13:28:55,886] {standard_task_runner.py:79} INFO - Running: ['***', 'tasks', 'run', 'project_6_2', 'create_table', 'manual__2024-01-31T13:25:34.309287+00:00', '--job-id', '64', '--raw', '--subdir', 'DAGS_FOLDER/main.py', '--cfg-path', '/tmp/tmp7e4y92s2', '--error-file', '/tmp/tmpo7c3zcap']
[2024-01-31 13:28:55,888] {standard_task_runner.py:80} INFO - Job 64: Subtask create_table
[2024-01-31 13:28:56,197] {task_command.py:369} INFO - Running <TaskInstance: project_6_2.create_table manual__2024-01-31T13:25:34.309287+00:00 [running]> on host 8ebb6ccf62d7
[2024-01-31 13:28:56,600] {taskinstance.py:1571} INFO - Exporting the following env vars:
AIRFLOW_CTX_DAG_OWNER=***
AIRFLOW_CTX_DAG_ID=project_6_2
AIRFLOW_CTX_TASK_ID=create_table
AIRFLOW_CTX_EXECUTION_DATE=2024-01-31T13:25:34.309287+00:00
AIRFLOW_CTX_TRY_NUMBER=4
AIRFLOW_CTX_DAG_RUN_ID=manual__2024-01-31T13:25:34.309287+00:00
[2024-01-31 13:28:56,602] {mysql.py:82} INFO - Executing: 
                create table if not exist test_1 (
                dt date,
                dag_id character varying
                )
        
[2024-01-31 13:28:56,710] {base.py:68} INFO - Using connection ID 'mysql_data_staging' for task execution.
[2024-01-31 13:28:56,852] {dbapi.py:208} INFO - Running statement: 
                create table if not exist test_1 (
                dt date,
                dag_id character varying
                )
        , parameters: None
[2024-01-31 13:28:56,856] {taskinstance.py:1889} ERROR - Task failed with exception
Traceback (most recent call last):
  File "/home/airflow/.local/lib/python3.7/site-packages/airflow/providers/mysql/operators/mysql.py", line 84, in execute
    hook.run(self.sql, autocommit=self.autocommit, parameters=self.parameters)
  File "/home/airflow/.local/lib/python3.7/site-packages/airflow/hooks/dbapi.py", line 188, in run
    self._run_command(cur, sql_statement, parameters)
  File "/home/airflow/.local/lib/python3.7/site-packages/airflow/hooks/dbapi.py", line 212, in _run_command
    cur.execute(sql_statement)
  File "/home/airflow/.local/lib/python3.7/site-packages/MySQLdb/cursors.py", line 206, in execute
    res = self._query(query)
  File "/home/airflow/.local/lib/python3.7/site-packages/MySQLdb/cursors.py", line 319, in _query
    db.query(q)
  File "/home/airflow/.local/lib/python3.7/site-packages/MySQLdb/connections.py", line 254, in query
    _mysql.connection.query(self, query)
MySQLdb._exceptions.ProgrammingError: (1064, "You have an error in your SQL syntax; check the manual that corresponds to your MySQL server version for the right syntax to use near 'exist test_1 (\n                dt date,\n                dag_id character varying' at line 1")
[2024-01-31 13:28:56,987] {taskinstance.py:1400} INFO - Marking task as FAILED. dag_id=project_6_2, task_id=create_table, execution_date=20240131T132534, start_date=20240131T132855, end_date=20240131T132856
[2024-01-31 13:28:57,043] {standard_task_runner.py:97} ERROR - Failed to execute job 64 for task create_table ((1064, "You have an error in your SQL syntax; check the manual that corresponds to your MySQL server version for the right syntax to use near 'exist test_1 (\n                dt date,\n                dag_id character varying' at line 1"); 3516)
[2024-01-31 13:28:57,072] {local_task_job.py:156} INFO - Task exited with return code 1
[2024-01-31 13:28:57,594] {local_task_job.py:273} INFO - 0 downstream tasks scheduled from follow-on schedule check
